<?xml version="1.0" encoding="UTF-8"?>
<!-- Generated by org.testng.reporters.JUnitXMLReporter -->
<testsuite ignored="0" hostname="vakzor-fedora" failures="0" tests="16" name="proyecto_junit.PostWorkS03" time="0.075" errors="0" timestamp="2022-11-26T05:26:32 CST">
  <testcase classname="proyecto_junit.PostWorkS03.TestPizza" name="verificaIngredienteEspinaca" time="0.008"/>
  <testcase classname="proyecto_junit.PostWorkS03.TestPizza" name="verificaIngredienteHongos" time="0.001"/>
  <testcase classname="proyecto_junit.PostWorkS03.TestPizza" name="verificaIngredienteJamon" time="0.001"/>
  <testcase classname="proyecto_junit.PostWorkS03.TestPizza" name="verificaIngredientePepperoni" time="0.001"/>
  <testcase classname="proyecto_junit.PostWorkS03.TestPizza" name="verificaIngredientePimiento" time="0.0"/>
  <testcase classname="proyecto_junit.PostWorkS03.TestPizza" name="verificaIngredienteSalchicha" time="0.001"/>
  <testcase classname="proyecto_junit.PostWorkS03.TestPizza" name="verificaIngredientesVeganos" time="0.0"/>
  <testcase classname="proyecto_junit.PostWorkS03.TestPizza" name="verificarOpcionVeganaFalso" time="0.001"/>
  <testcase classname="proyecto_junit.PostWorkS03.TestSistemaLealtad" name="verificarClienteConTarjeta" time="0.001"/>
  <testcase classname="proyecto_junit.PostWorkS03.TestSistemaLealtad" name="verificarClienteSinTarjeta" time="0.002"/>
  <testcase classname="proyecto_junit.PostWorkS03.TestSistemaLealtad" name="verificarGuardarCupon" time="0.001"/>
  <testcase classname="proyecto_junit.PostWorkS03.TestSistemaLealtad" name="verificarNoGuardarCupon" time="0.001"/>
  <testcase classname="proyecto_junit.PostWorkS03.TestSistemaLealtad" name="verificarSaldoEntre100Y150" time="0.001"/>
  <testcase classname="proyecto_junit.PostWorkS03.TestSistemaLealtad" name="verificarSaldoEntre50Y100" time="0.001"/>
  <testcase classname="proyecto_junit.PostWorkS03.TestSistemaLealtad" name="verificarSaldoMayorA150" time="0.001"/>
  <testcase classname="proyecto_junit.PostWorkS03.TestSistemaLealtad" name="verificarSaldoMenorA50" time="0.001"/>
</testsuite> <!-- proyecto_junit.PostWorkS03 -->
